Loading plugins phase: Elapsed time ==> 0s.320ms
Initializing data phase: Elapsed time ==> 1s.952ms
<CYPRESSTAG name="CyDsfit arguments...">
cydsfit arguments: -.fdsnotice -.fdswarpdepfile=warp_dependencies.txt -.fdselabdepfile=elab_dependencies.txt -.fdsbldfile=generated_files.txt -p C:\Users\AirWolf\Documents\PSoC Creator\Design05\xyTouchpad1.cydsn\xyTouchpad1.cyprj -d CY8C4245AXI-483 -s C:\Users\AirWolf\Documents\PSoC Creator\Design05\xyTouchpad1.cydsn\Generated_Source\PSoC4 -- -yv2 -v3 -ygs -q10 -o2 -.fftcfgtype=LE</CYPRESSTAG>
<CYPRESSTAG name="Design elaboration results...">
</CYPRESSTAG>
Elaboration phase: Elapsed time ==> 9s.736ms
<CYPRESSTAG name="HDL generation results...">
</CYPRESSTAG>
HDL generation phase: Elapsed time ==> 0s.097ms
<CYPRESSTAG name="Synthesis results...">

     | | | | | | |
   _________________
  -|               |-
  -|               |-
  -|               |-
  -|    CYPRESS    |-
  -|               |-
  -|               |-   Warp Verilog Synthesis Compiler: Version 6.3 IR 41
  -|               |-   Copyright (C) 1991-2001 Cypress Semiconductor
   |_______________|
     | | | | | | |

======================================================================
Compiling:  xyTouchpad1.v
Program  :   C:\Program Files (x86)\Cypress\PSoC Creator\3.0\PSoC Creator\warp\bin/warp.exe
Options  :    -yv2 -v3 -ygs -q10 -o2 -.fftcfgtype=LE -ya -.fftprj=C:\Users\AirWolf\Documents\PSoC Creator\Design05\xyTouchpad1.cydsn\xyTouchpad1.cyprj -dcpsoc3 xyTouchpad1.v -verilog
======================================================================

======================================================================
Compiling:  xyTouchpad1.v
Program  :   C:\Program Files (x86)\Cypress\PSoC Creator\3.0\PSoC Creator\warp\bin/warp.exe
Options  :    -yv2 -v3 -ygs -q10 -o2 -.fftcfgtype=LE -ya -.fftprj=C:\Users\AirWolf\Documents\PSoC Creator\Design05\xyTouchpad1.cydsn\xyTouchpad1.cyprj -dcpsoc3 xyTouchpad1.v -verilog
======================================================================

======================================================================
Compiling:  xyTouchpad1.v
Program  :   vlogfe
Options  :    -yv2 -v3 -ygs -q10 -o2 -.fftcfgtype=LE -ya -.fftprj=C:\Users\AirWolf\Documents\PSoC Creator\Design05\xyTouchpad1.cydsn\xyTouchpad1.cyprj -dcpsoc3 -verilog xyTouchpad1.v
======================================================================

vlogfe V6.3 IR 41:  Verilog parser
Tue Mar 10 21:28:07 2015


======================================================================
Compiling:  xyTouchpad1.v
Program  :   vpp
Options  :    -yv2 -q10 xyTouchpad1.v
======================================================================

vpp V6.3 IR 41:  Verilog Pre-Processor
Tue Mar 10 21:28:07 2015

Flattening file 'C:\Program Files (x86)\Cypress\PSoC Creator\3.0\PSoC Creator\warp\..\psoc\content\cyprimitives\CyPrimitives.cylib\OneTerminal\OneTerminal.v'
Flattening file 'C:\Program Files (x86)\Cypress\PSoC Creator\3.0\PSoC Creator\warp\..\psoc\content\cyprimitives\CyPrimitives.cylib\ZeroTerminal\ZeroTerminal.v'
Flattening file 'C:\Program Files (x86)\Cypress\PSoC Creator\3.0\PSoC Creator\warp\..\psoc\content\cyprimitives\CyPrimitives.cylib\or_v1_0\or_v1_0.v'
Flattening file 'C:\Program Files (x86)\Cypress\PSoC Creator\3.0\PSoC Creator\warp\..\psoc\content\cyprimitives\CyPrimitives.cylib\cy_virtualmux_v1_0\cy_virtualmux_v1_0.v'

vpp:  No errors.

Library 'work' => directory 'lcpsoc3'
General_symbol_table
General_symbol_table
Linking 'C:\Program Files (x86)\Cypress\PSoC Creator\3.0\PSoC Creator\warp\lib\common\std.vhd'.
Linking 'C:\Program Files (x86)\Cypress\PSoC Creator\3.0\PSoC Creator\warp\lib\common\cypress.vhd'.
Linking 'C:\Program Files (x86)\Cypress\PSoC Creator\3.0\PSoC Creator\warp\lib\common\work\cypress.vif'.
Linking 'C:\Program Files (x86)\Cypress\PSoC Creator\3.0\PSoC Creator\warp\lib\ieee\work\stdlogic.vif'.
Linking 'C:\Program Files (x86)\Cypress\PSoC Creator\3.0\PSoC Creator\warp\lib\common\stdlogic\lpmpkg.vif'.
Linking 'C:\Program Files (x86)\Cypress\PSoC Creator\3.0\PSoC Creator\warp\lib\common\stdlogic\rtlpkg.vif'.
Linking 'C:\Program Files (x86)\Cypress\PSoC Creator\3.0\PSoC Creator\warp\lib\common\stdlogic\mod_cnst.vif'.
Linking 'C:\Program Files (x86)\Cypress\PSoC Creator\3.0\PSoC Creator\warp\lib\common\stdlogic\mod_mthv.vif'.
Linking 'C:\Program Files (x86)\Cypress\PSoC Creator\3.0\PSoC Creator\warp\lib\common\stdlogic\mod_genv.vif'.
Using control file 'xyTouchpad1.ctl'.

vlogfe:  No errors.


======================================================================
Compiling:  xyTouchpad1.v
Program  :   tovif
Options  :    -yv2 -v3 -ygs -q10 -o2 -.fftcfgtype=LE -ya -.fftprj=C:\Users\AirWolf\Documents\PSoC Creator\Design05\xyTouchpad1.cydsn\xyTouchpad1.cyprj -dcpsoc3 -verilog xyTouchpad1.v
======================================================================

tovif V6.3 IR 41:  High-level synthesis
Tue Mar 10 21:28:07 2015

Linking 'C:\Program Files (x86)\Cypress\PSoC Creator\3.0\PSoC Creator\warp\lib\common\std.vhd'.
Linking 'C:\Program Files (x86)\Cypress\PSoC Creator\3.0\PSoC Creator\warp\lib\common\cypress.vhd'.
Linking 'C:\Program Files (x86)\Cypress\PSoC Creator\3.0\PSoC Creator\warp\lib\common\work\cypress.vif'.
Linking 'C:\Program Files (x86)\Cypress\PSoC Creator\3.0\PSoC Creator\warp\lib\ieee\work\stdlogic.vif'.
Linking 'C:\Program Files (x86)\Cypress\PSoC Creator\3.0\PSoC Creator\warp\lib\common\stdlogic\lpmpkg.vif'.
Linking 'C:\Program Files (x86)\Cypress\PSoC Creator\3.0\PSoC Creator\warp\lib\common\stdlogic\rtlpkg.vif'.
Linking 'C:\Program Files (x86)\Cypress\PSoC Creator\3.0\PSoC Creator\warp\lib\common\stdlogic\mod_cnst.vif'.
Linking 'C:\Program Files (x86)\Cypress\PSoC Creator\3.0\PSoC Creator\warp\lib\common\stdlogic\mod_mthv.vif'.
Linking 'C:\Program Files (x86)\Cypress\PSoC Creator\3.0\PSoC Creator\warp\lib\common\stdlogic\mod_genv.vif'.
Linking 'C:\Users\AirWolf\Documents\PSoC Creator\Design05\xyTouchpad1.cydsn\codegentemp\xyTouchpad1.ctl'.
Linking 'C:\Program Files (x86)\Cypress\PSoC Creator\3.0\PSoC Creator\psoc\content\cyprimitives\CyPrimitives.cylib\OneTerminal\OneTerminal.v'.
Linking 'C:\Users\AirWolf\Documents\PSoC Creator\Design05\xyTouchpad1.cydsn\codegentemp\xyTouchpad1.v'.
Linking 'C:\Program Files (x86)\Cypress\PSoC Creator\3.0\PSoC Creator\psoc\content\cyprimitives\CyPrimitives.cylib\ZeroTerminal\ZeroTerminal.v'.
Linking 'C:\Program Files (x86)\Cypress\PSoC Creator\3.0\PSoC Creator\psoc\content\cyprimitives\CyPrimitives.cylib\or_v1_0\or_v1_0.v'.
Linking 'C:\Program Files (x86)\Cypress\PSoC Creator\3.0\PSoC Creator\psoc\content\cyprimitives\CyPrimitives.cylib\cy_virtualmux_v1_0\cy_virtualmux_v1_0.v'.

tovif:  No errors.


======================================================================
Compiling:  xyTouchpad1.v
Program  :   topld
Options  :    -yv2 -v3 -ygs -q10 -o2 -.fftcfgtype=LE -ya -.fftprj=C:\Users\AirWolf\Documents\PSoC Creator\Design05\xyTouchpad1.cydsn\xyTouchpad1.cyprj -dcpsoc3 -verilog xyTouchpad1.v
======================================================================

topld V6.3 IR 41:  Synthesis and optimization
Tue Mar 10 21:28:08 2015

Linking 'C:\Program Files (x86)\Cypress\PSoC Creator\3.0\PSoC Creator\warp\lib\common\std.vhd'.
Linking 'C:\Program Files (x86)\Cypress\PSoC Creator\3.0\PSoC Creator\warp\lib\common\cypress.vhd'.
Linking 'C:\Program Files (x86)\Cypress\PSoC Creator\3.0\PSoC Creator\warp\lib\common\work\cypress.vif'.
Linking 'C:\Program Files (x86)\Cypress\PSoC Creator\3.0\PSoC Creator\warp\lib\ieee\work\stdlogic.vif'.
Linking 'C:\Program Files (x86)\Cypress\PSoC Creator\3.0\PSoC Creator\warp\lib\common\stdlogic\lpmpkg.vif'.
Linking 'C:\Program Files (x86)\Cypress\PSoC Creator\3.0\PSoC Creator\warp\lib\common\stdlogic\rtlpkg.vif'.
Linking 'C:\Program Files (x86)\Cypress\PSoC Creator\3.0\PSoC Creator\warp\lib\common\stdlogic\mod_cnst.vif'.
Linking 'C:\Program Files (x86)\Cypress\PSoC Creator\3.0\PSoC Creator\warp\lib\common\stdlogic\mod_mthv.vif'.
Linking 'C:\Program Files (x86)\Cypress\PSoC Creator\3.0\PSoC Creator\warp\lib\common\stdlogic\mod_genv.vif'.
Linking 'C:\Users\AirWolf\Documents\PSoC Creator\Design05\xyTouchpad1.cydsn\codegentemp\xyTouchpad1.ctl'.
Linking 'C:\Program Files (x86)\Cypress\PSoC Creator\3.0\PSoC Creator\psoc\content\cyprimitives\CyPrimitives.cylib\OneTerminal\OneTerminal.v'.
Linking 'C:\Users\AirWolf\Documents\PSoC Creator\Design05\xyTouchpad1.cydsn\codegentemp\xyTouchpad1.v'.
Linking 'C:\Program Files (x86)\Cypress\PSoC Creator\3.0\PSoC Creator\psoc\content\cyprimitives\CyPrimitives.cylib\ZeroTerminal\ZeroTerminal.v'.
Linking 'C:\Program Files (x86)\Cypress\PSoC Creator\3.0\PSoC Creator\psoc\content\cyprimitives\CyPrimitives.cylib\or_v1_0\or_v1_0.v'.
Linking 'C:\Program Files (x86)\Cypress\PSoC Creator\3.0\PSoC Creator\psoc\content\cyprimitives\CyPrimitives.cylib\cy_virtualmux_v1_0\cy_virtualmux_v1_0.v'.
Linking 'C:\Program Files (x86)\Cypress\PSoC Creator\3.0\PSoC Creator\warp\lib\lcpsoc3\stdlogic\cpsoc3.vif'.

----------------------------------------------------------
Detecting unused logic.
----------------------------------------------------------
    User names
	Net_3
	\CapSense:Net_474\
	\EZI2C:Net_682\
	\EZI2C:Net_427\
	Net_7


Deleted 5 User equations/components.
Deleted 0 Synthesized equations/components.

------------------------------------------------------
Alias Detection
------------------------------------------------------
Aliasing \CapSense:Net_312\ to \CapSense:Net_104\
Aliasing zero to \CapSense:Net_104\
Aliasing one to \CapSense:tmpOE__Cmod_net_0\
Aliasing \CapSense:IDAC2:Net_3\ to \CapSense:tmpOE__Cmod_net_0\
Aliasing \CapSense:tmpOE__Sns_net_9\ to \CapSense:tmpOE__Cmod_net_0\
Aliasing \CapSense:tmpOE__Sns_net_8\ to \CapSense:tmpOE__Cmod_net_0\
Aliasing \CapSense:tmpOE__Sns_net_7\ to \CapSense:tmpOE__Cmod_net_0\
Aliasing \CapSense:tmpOE__Sns_net_6\ to \CapSense:tmpOE__Cmod_net_0\
Aliasing \CapSense:tmpOE__Sns_net_5\ to \CapSense:tmpOE__Cmod_net_0\
Aliasing \CapSense:tmpOE__Sns_net_4\ to \CapSense:tmpOE__Cmod_net_0\
Aliasing \CapSense:tmpOE__Sns_net_3\ to \CapSense:tmpOE__Cmod_net_0\
Aliasing \CapSense:tmpOE__Sns_net_2\ to \CapSense:tmpOE__Cmod_net_0\
Aliasing \CapSense:tmpOE__Sns_net_1\ to \CapSense:tmpOE__Cmod_net_0\
Aliasing \CapSense:tmpOE__Sns_net_0\ to \CapSense:tmpOE__Cmod_net_0\
Aliasing \CapSense:IDAC1:Net_3\ to \CapSense:tmpOE__Cmod_net_0\
Aliasing \EZI2C:Net_459\ to \CapSense:Net_104\
Aliasing \EZI2C:Net_452\ to \CapSense:Net_104\
Aliasing \EZI2C:Net_676\ to \CapSense:Net_104\
Aliasing \EZI2C:Net_245\ to \CapSense:Net_104\
Aliasing \EZI2C:Net_416\ to \CapSense:Net_104\
Aliasing \EZI2C:tmpOE__sda_net_0\ to \CapSense:tmpOE__Cmod_net_0\
Aliasing \EZI2C:tmpOE__scl_net_0\ to \CapSense:tmpOE__Cmod_net_0\
Aliasing tmpOE__XY_DATAREADY_net_0 to \CapSense:tmpOE__Cmod_net_0\
Removing Lhs of wire \CapSense:Net_312\[21] = \CapSense:Net_104\[17]
Removing Rhs of wire zero[25] = \CapSense:Net_104\[17]
Removing Rhs of wire one[29] = \CapSense:tmpOE__Cmod_net_0\[24]
Removing Lhs of wire \CapSense:IDAC2:Net_3\[33] = one[29]
Removing Lhs of wire \CapSense:tmpOE__Sns_net_9\[35] = one[29]
Removing Lhs of wire \CapSense:tmpOE__Sns_net_8\[36] = one[29]
Removing Lhs of wire \CapSense:tmpOE__Sns_net_7\[37] = one[29]
Removing Lhs of wire \CapSense:tmpOE__Sns_net_6\[38] = one[29]
Removing Lhs of wire \CapSense:tmpOE__Sns_net_5\[39] = one[29]
Removing Lhs of wire \CapSense:tmpOE__Sns_net_4\[40] = one[29]
Removing Lhs of wire \CapSense:tmpOE__Sns_net_3\[41] = one[29]
Removing Lhs of wire \CapSense:tmpOE__Sns_net_2\[42] = one[29]
Removing Lhs of wire \CapSense:tmpOE__Sns_net_1\[43] = one[29]
Removing Lhs of wire \CapSense:tmpOE__Sns_net_0\[44] = one[29]
Removing Lhs of wire \CapSense:IDAC1:Net_3\[68] = one[29]
Removing Lhs of wire \EZI2C:Net_459\[74] = zero[25]
Removing Lhs of wire \EZI2C:Net_652\[75] = zero[25]
Removing Lhs of wire \EZI2C:Net_452\[76] = zero[25]
Removing Lhs of wire \EZI2C:Net_676\[77] = zero[25]
Removing Lhs of wire \EZI2C:Net_245\[78] = zero[25]
Removing Lhs of wire \EZI2C:Net_416\[79] = zero[25]
Removing Lhs of wire \EZI2C:Net_654\[80] = zero[25]
Removing Lhs of wire \EZI2C:Net_655\[83] = \EZI2C:Net_284\[73]
Removing Lhs of wire \EZI2C:Net_653\[84] = zero[25]
Removing Lhs of wire \EZI2C:Net_651\[85] = zero[25]
Removing Lhs of wire \EZI2C:Net_663\[86] = zero[25]
Removing Lhs of wire \EZI2C:tmpOE__sda_net_0\[88] = one[29]
Removing Lhs of wire \EZI2C:tmpOE__scl_net_0\[94] = one[29]
Removing Lhs of wire tmpOE__XY_DATAREADY_net_0[113] = one[29]

------------------------------------------------------
Aliased 0 equations, 29 wires.
------------------------------------------------------

----------------------------------------------------------
Circuit simplification
----------------------------------------------------------

Substituting virtuals - pass 1:


----------------------------------------------------------
Circuit simplification results:

	Expanded 0 signals.
	Turned 0 signals into soft nodes.
	Maximum default expansion cost was set at 3.
----------------------------------------------------------

topld:  No errors.

CYPRESS_DIR    : C:\Program Files (x86)\Cypress\PSoC Creator\3.0\PSoC Creator\warp
Warp Program   : C:\Program Files (x86)\Cypress\PSoC Creator\3.0\PSoC Creator\warp\bin/warp.exe
Warp Arguments : -yv2 -v3 -ygs -q10 -o2 -.fftcfgtype=LE -ya "-.fftprj=C:\Users\AirWolf\Documents\PSoC Creator\Design05\xyTouchpad1.cydsn\xyTouchpad1.cyprj" -dcpsoc3 xyTouchpad1.v -verilog
</CYPRESSTAG>
Warp synthesis phase: Elapsed time ==> 0s.658ms
<CYPRESSTAG name="Fitter results...">
<CYPRESSTAG name="Fitter startup details...">
cyp3fit: V3.0.0.3140, Family: PSoC3, Started at: Tuesday, 10 March 2015 21:28:08
Options: -yv2 -v3 -ygs -q10 -o2 -.fftcfgtype=LE -ya -.fftprj=C:\Users\AirWolf\Documents\PSoC Creator\Design05\xyTouchpad1.cydsn\xyTouchpad1.cyprj -d CY8C4245AXI-483 xyTouchpad1.v -verilog
</CYPRESSTAG>
<CYPRESSTAG name="Design parsing">
Design parsing phase: Elapsed time ==> 0s.015ms
</CYPRESSTAG>
<CYPRESSTAG name="Tech mapping">
<CYPRESSTAG name="Initial Mapping" icon="FILE_RPT_TECHM">
<CYPRESSTAG name="Global Clock Selection" icon="FILE_RPT_TECHM">
    Fixed Function Clock 6: Automatic-assigning  clock 'CapSense_SampleClk'. Signal=\CapSense:Net_420_ff6\
    Fixed Function Clock 5: Automatic-assigning  clock 'CapSense_SenseClk'. Signal=\CapSense:Net_429_ff5\
    Fixed Function Clock 2: Automatic-assigning  clock 'EZI2C_SCBCLK'. Signal=\EZI2C:Net_284_ff2\
<CYPRESSTAG name="UDB Clock/Enable Remapping Results">
</CYPRESSTAG>
</CYPRESSTAG>

Removing unused cells resulting from optimization
    Removed unused cell/equation '__ZERO__:macrocell'
Done removing unused cells.
<CYPRESSTAG name="Duplicate Macrocell detection">
</CYPRESSTAG>
</CYPRESSTAG>
<CYPRESSTAG name="Duplicate Macrocell detection">
</CYPRESSTAG>
<CYPRESSTAG name="Design Equations" icon="FILE_RPT_EQUATION">

------------------------------------------------------------
Design Equations
------------------------------------------------------------
    <CYPRESSTAG name="Pin listing">

    ------------------------------------------------------------
    Pin listing
    ------------------------------------------------------------

    Pin : Name = XY_DATAREADY(0)
        Attributes:
            In Group/Port: True
            In Sync Option: AUTO
            Out Sync Option: NOSYNC
            Interrupt generated: False
            Interrupt mode: NONE
            Drive mode: CMOS_OUT
            VTrip: EITHER
            Slew: FAST
            Input Sync needed: False
            Output Sync needed: False
            SC shield enabled: False
            POR State: ANY
            LCD Mode: COMMON
            Register Mode: RegComb
            CaSense Mode: NEITHER
            Treat as pin: True
            Is OE Registered: False
            Uses Analog: False
            Can contain Digital: True
            Is SIO: False
            SIO Output Buf: NONREGULATED
            SIO Input Buf: SINGLE_ENDED
            SIO HiFreq: LOW
            SIO Hyst: DISABLED
            SIO Vtrip: MULTIPLIER_0_5
            SIO RefSel: VCC_IO
            Required Capabilitites: DIGITAL
            Initial Value: 0
            IO Voltage: 0
        PORT MAP (
            pa_out => XY_DATAREADY(0)__PA ,
            pad => XY_DATAREADY(0)_PAD );
        Properties:
        {
        }

    Pin : Name = \CapSense:Cmod(0)\
        Attributes:
            Alias: Cmod
            In Group/Port: True
            In Sync Option: AUTO
            Out Sync Option: AUTO
            Interrupt generated: False
            Interrupt mode: NONE
            Drive mode: HI_Z_ANALOG
            VTrip: EITHER
            Slew: FAST
            Input Sync needed: False
            Output Sync needed: False
            SC shield enabled: False
            POR State: ANY
            LCD Mode: COMMON
            Register Mode: RegComb
            CaSense Mode: NEITHER
            Treat as pin: True
            Is OE Registered: False
            Uses Analog: True
            Can contain Digital: False
            Is SIO: False
            SIO Output Buf: NONREGULATED
            SIO Input Buf: SINGLE_ENDED
            SIO HiFreq: LOW
            SIO Hyst: DISABLED
            SIO Vtrip: MULTIPLIER_0_5
            SIO RefSel: VCC_IO
            Required Capabilitites: ANALOG
            Initial Value: 1
            IO Voltage: 0
        PORT MAP (
            pa_out => \CapSense:Cmod(0)\__PA ,
            analog_term => \CapSense:Net_398\ ,
            pad => \CapSense:Cmod(0)_PAD\ );
        Properties:
        {
        }

    Pin : Name = \CapSense:Sns(0)\
        Attributes:
            Alias: Touchpad0_Col0__TP
            In Group/Port: True
            In Sync Option: AUTO
            Out Sync Option: AUTO
            Interrupt generated: False
            Interrupt mode: NONE
            Drive mode: HI_Z_ANALOG
            VTrip: EITHER
            Slew: FAST
            Input Sync needed: False
            Output Sync needed: False
            SC shield enabled: False
            POR State: ANY
            LCD Mode: COMMON
            Register Mode: RegComb
            CaSense Mode: NEITHER
            Treat as pin: True
            Is OE Registered: False
            Uses Analog: True
            Can contain Digital: False
            Is SIO: False
            SIO Output Buf: NONREGULATED
            SIO Input Buf: SINGLE_ENDED
            SIO HiFreq: LOW
            SIO Hyst: DISABLED
            SIO Vtrip: MULTIPLIER_0_5
            SIO RefSel: VCC_IO
            Required Capabilitites: ANALOG
            Initial Value: 1
            IO Voltage: 0
        PORT MAP (
            pa_out => \CapSense:Sns(0)\__PA ,
            analog_term => \CapSense:Net_245_0\ ,
            pad => \CapSense:Sns(0)_PAD\ );
        Properties:
        {
        }

    Pin : Name = \CapSense:Sns(1)\
        Attributes:
            Alias: Touchpad0_Col1__TP
            In Group/Port: True
            In Sync Option: AUTO
            Out Sync Option: AUTO
            Interrupt generated: False
            Interrupt mode: NONE
            Drive mode: HI_Z_ANALOG
            VTrip: EITHER
            Slew: FAST
            Input Sync needed: False
            Output Sync needed: False
            SC shield enabled: False
            POR State: ANY
            LCD Mode: COMMON
            Register Mode: RegComb
            CaSense Mode: NEITHER
            Treat as pin: True
            Is OE Registered: False
            Uses Analog: True
            Can contain Digital: False
            Is SIO: False
            SIO Output Buf: NONREGULATED
            SIO Input Buf: SINGLE_ENDED
            SIO HiFreq: LOW
            SIO Hyst: DISABLED
            SIO Vtrip: MULTIPLIER_0_5
            SIO RefSel: VCC_IO
            Required Capabilitites: ANALOG
            Initial Value: 1
            IO Voltage: 0
        PORT MAP (
            pa_out => \CapSense:Sns(1)\__PA ,
            analog_term => \CapSense:Net_245_0\ ,
            pad => \CapSense:Sns(1)_PAD\ );
        Properties:
        {
        }

    Pin : Name = \CapSense:Sns(2)\
        Attributes:
            Alias: Touchpad0_Col2__TP
            In Group/Port: True
            In Sync Option: AUTO
            Out Sync Option: AUTO
            Interrupt generated: False
            Interrupt mode: NONE
            Drive mode: HI_Z_ANALOG
            VTrip: EITHER
            Slew: FAST
            Input Sync needed: False
            Output Sync needed: False
            SC shield enabled: False
            POR State: ANY
            LCD Mode: COMMON
            Register Mode: RegComb
            CaSense Mode: NEITHER
            Treat as pin: True
            Is OE Registered: False
            Uses Analog: True
            Can contain Digital: False
            Is SIO: False
            SIO Output Buf: NONREGULATED
            SIO Input Buf: SINGLE_ENDED
            SIO HiFreq: LOW
            SIO Hyst: DISABLED
            SIO Vtrip: MULTIPLIER_0_5
            SIO RefSel: VCC_IO
            Required Capabilitites: ANALOG
            Initial Value: 1
            IO Voltage: 0
        PORT MAP (
            pa_out => \CapSense:Sns(2)\__PA ,
            analog_term => \CapSense:Net_245_0\ ,
            pad => \CapSense:Sns(2)_PAD\ );
        Properties:
        {
        }

    Pin : Name = \CapSense:Sns(3)\
        Attributes:
            Alias: Touchpad0_Col3__TP
            In Group/Port: True
            In Sync Option: AUTO
            Out Sync Option: AUTO
            Interrupt generated: False
            Interrupt mode: NONE
            Drive mode: HI_Z_ANALOG
            VTrip: EITHER
            Slew: FAST
            Input Sync needed: False
            Output Sync needed: False
            SC shield enabled: False
            POR State: ANY
            LCD Mode: COMMON
            Register Mode: RegComb
            CaSense Mode: NEITHER
            Treat as pin: True
            Is OE Registered: False
            Uses Analog: True
            Can contain Digital: False
            Is SIO: False
            SIO Output Buf: NONREGULATED
            SIO Input Buf: SINGLE_ENDED
            SIO HiFreq: LOW
            SIO Hyst: DISABLED
            SIO Vtrip: MULTIPLIER_0_5
            SIO RefSel: VCC_IO
            Required Capabilitites: ANALOG
            Initial Value: 1
            IO Voltage: 0
        PORT MAP (
            pa_out => \CapSense:Sns(3)\__PA ,
            analog_term => \CapSense:Net_245_0\ ,
            pad => \CapSense:Sns(3)_PAD\ );
        Properties:
        {
        }

    Pin : Name = \CapSense:Sns(4)\
        Attributes:
            Alias: Touchpad0_Col4__TP
            In Group/Port: True
            In Sync Option: AUTO
            Out Sync Option: AUTO
            Interrupt generated: False
            Interrupt mode: NONE
            Drive mode: HI_Z_ANALOG
            VTrip: EITHER
            Slew: FAST
            Input Sync needed: False
            Output Sync needed: False
            SC shield enabled: False
            POR State: ANY
            LCD Mode: COMMON
            Register Mode: RegComb
            CaSense Mode: NEITHER
            Treat as pin: True
            Is OE Registered: False
            Uses Analog: True
            Can contain Digital: False
            Is SIO: False
            SIO Output Buf: NONREGULATED
            SIO Input Buf: SINGLE_ENDED
            SIO HiFreq: LOW
            SIO Hyst: DISABLED
            SIO Vtrip: MULTIPLIER_0_5
            SIO RefSel: VCC_IO
            Required Capabilitites: ANALOG
            Initial Value: 1
            IO Voltage: 0
        PORT MAP (
            pa_out => \CapSense:Sns(4)\__PA ,
            analog_term => \CapSense:Net_245_0\ ,
            pad => \CapSense:Sns(4)_PAD\ );
        Properties:
        {
        }

    Pin : Name = \CapSense:Sns(5)\
        Attributes:
            Alias: Touchpad0_Row0__TP
            In Group/Port: True
            In Sync Option: AUTO
            Out Sync Option: AUTO
            Interrupt generated: False
            Interrupt mode: NONE
            Drive mode: HI_Z_ANALOG
            VTrip: EITHER
            Slew: FAST
            Input Sync needed: False
            Output Sync needed: False
            SC shield enabled: False
            POR State: ANY
            LCD Mode: COMMON
            Register Mode: RegComb
            CaSense Mode: NEITHER
            Treat as pin: True
            Is OE Registered: False
            Uses Analog: True
            Can contain Digital: False
            Is SIO: False
            SIO Output Buf: NONREGULATED
            SIO Input Buf: SINGLE_ENDED
            SIO HiFreq: LOW
            SIO Hyst: DISABLED
            SIO Vtrip: MULTIPLIER_0_5
            SIO RefSel: VCC_IO
            Required Capabilitites: ANALOG
            Initial Value: 1
            IO Voltage: 0
        PORT MAP (
            pa_out => \CapSense:Sns(5)\__PA ,
            analog_term => \CapSense:Net_245_0\ ,
            pad => \CapSense:Sns(5)_PAD\ );
        Properties:
        {
        }

    Pin : Name = \CapSense:Sns(6)\
        Attributes:
            Alias: Touchpad0_Row1__TP
            In Group/Port: True
            In Sync Option: AUTO
            Out Sync Option: AUTO
            Interrupt generated: False
            Interrupt mode: NONE
            Drive mode: HI_Z_ANALOG
            VTrip: EITHER
            Slew: FAST
            Input Sync needed: False
            Output Sync needed: False
            SC shield enabled: False
            POR State: ANY
            LCD Mode: COMMON
            Register Mode: RegComb
            CaSense Mode: NEITHER
            Treat as pin: True
            Is OE Registered: False
            Uses Analog: True
            Can contain Digital: False
            Is SIO: False
            SIO Output Buf: NONREGULATED
            SIO Input Buf: SINGLE_ENDED
            SIO HiFreq: LOW
            SIO Hyst: DISABLED
            SIO Vtrip: MULTIPLIER_0_5
            SIO RefSel: VCC_IO
            Required Capabilitites: ANALOG
            Initial Value: 1
            IO Voltage: 0
        PORT MAP (
            pa_out => \CapSense:Sns(6)\__PA ,
            analog_term => \CapSense:Net_245_0\ ,
            pad => \CapSense:Sns(6)_PAD\ );
        Properties:
        {
        }

    Pin : Name = \CapSense:Sns(7)\
        Attributes:
            Alias: Touchpad0_Row2__TP
            In Group/Port: True
            In Sync Option: AUTO
            Out Sync Option: AUTO
            Interrupt generated: False
            Interrupt mode: NONE
            Drive mode: HI_Z_ANALOG
            VTrip: EITHER
            Slew: FAST
            Input Sync needed: False
            Output Sync needed: False
            SC shield enabled: False
            POR State: ANY
            LCD Mode: COMMON
            Register Mode: RegComb
            CaSense Mode: NEITHER
            Treat as pin: True
            Is OE Registered: False
            Uses Analog: True
            Can contain Digital: False
            Is SIO: False
            SIO Output Buf: NONREGULATED
            SIO Input Buf: SINGLE_ENDED
            SIO HiFreq: LOW
            SIO Hyst: DISABLED
            SIO Vtrip: MULTIPLIER_0_5
            SIO RefSel: VCC_IO
            Required Capabilitites: ANALOG
            Initial Value: 1
            IO Voltage: 0
        PORT MAP (
            pa_out => \CapSense:Sns(7)\__PA ,
            analog_term => \CapSense:Net_245_0\ ,
            pad => \CapSense:Sns(7)_PAD\ );
        Properties:
        {
        }

    Pin : Name = \CapSense:Sns(8)\
        Attributes:
            Alias: Touchpad0_Row3__TP
            In Group/Port: True
            In Sync Option: AUTO
            Out Sync Option: AUTO
            Interrupt generated: False
            Interrupt mode: NONE
            Drive mode: HI_Z_ANALOG
            VTrip: EITHER
            Slew: FAST
            Input Sync needed: False
            Output Sync needed: False
            SC shield enabled: False
            POR State: ANY
            LCD Mode: COMMON
            Register Mode: RegComb
            CaSense Mode: NEITHER
            Treat as pin: True
            Is OE Registered: False
            Uses Analog: True
            Can contain Digital: False
            Is SIO: False
            SIO Output Buf: NONREGULATED
            SIO Input Buf: SINGLE_ENDED
            SIO HiFreq: LOW
            SIO Hyst: DISABLED
            SIO Vtrip: MULTIPLIER_0_5
            SIO RefSel: VCC_IO
            Required Capabilitites: ANALOG
            Initial Value: 1
            IO Voltage: 0
        PORT MAP (
            pa_out => \CapSense:Sns(8)\__PA ,
            analog_term => \CapSense:Net_245_0\ ,
            pad => \CapSense:Sns(8)_PAD\ );
        Properties:
        {
        }

    Pin : Name = \CapSense:Sns(9)\
        Attributes:
            Alias: Touchpad0_Row4__TP
            In Group/Port: True
            In Sync Option: AUTO
            Out Sync Option: AUTO
            Interrupt generated: False
            Interrupt mode: NONE
            Drive mode: HI_Z_ANALOG
            VTrip: EITHER
            Slew: FAST
            Input Sync needed: False
            Output Sync needed: False
            SC shield enabled: False
            POR State: ANY
            LCD Mode: COMMON
            Register Mode: RegComb
            CaSense Mode: NEITHER
            Treat as pin: True
            Is OE Registered: False
            Uses Analog: True
            Can contain Digital: False
            Is SIO: False
            SIO Output Buf: NONREGULATED
            SIO Input Buf: SINGLE_ENDED
            SIO HiFreq: LOW
            SIO Hyst: DISABLED
            SIO Vtrip: MULTIPLIER_0_5
            SIO RefSel: VCC_IO
            Required Capabilitites: ANALOG
            Initial Value: 1
            IO Voltage: 0
        PORT MAP (
            pa_out => \CapSense:Sns(9)\__PA ,
            analog_term => \CapSense:Net_245_0\ ,
            pad => \CapSense:Sns(9)_PAD\ );
        Properties:
        {
        }

    Pin : Name = \EZI2C:scl(0)\
        Attributes:
            In Group/Port: True
            In Sync Option: NOSYNC
            Out Sync Option: NOSYNC
            Interrupt generated: False
            Interrupt mode: NONE
            Drive mode: OPEN_DRAIN_LO
            VTrip: CMOS
            Slew: FAST
            Input Sync needed: False
            Output Sync needed: False
            SC shield enabled: False
            POR State: ANY
            LCD Mode: COMMON
            Register Mode: RegComb
            CaSense Mode: NEITHER
            Treat as pin: True
            Is OE Registered: False
            Uses Analog: False
            Can contain Digital: True
            Is SIO: False
            SIO Output Buf: NONREGULATED
            SIO Input Buf: SINGLE_ENDED
            SIO HiFreq: LOW
            SIO Hyst: DISABLED
            SIO Vtrip: MULTIPLIER_0_5
            SIO RefSel: VCC_IO
            Required Capabilitites: DIGITAL, I2CWKUP_SCL
            Initial Value: 1
            IO Voltage: 0
        PORT MAP (
            pa_out => \EZI2C:scl(0)\__PA ,
            fb => \EZI2C:Net_580\ ,
            pad => \EZI2C:scl(0)_PAD\ );
        Properties:
        {
        }

    Pin : Name = \EZI2C:sda(0)\
        Attributes:
            In Group/Port: True
            In Sync Option: NOSYNC
            Out Sync Option: NOSYNC
            Interrupt generated: False
            Interrupt mode: NONE
            Drive mode: OPEN_DRAIN_LO
            VTrip: CMOS
            Slew: FAST
            Input Sync needed: False
            Output Sync needed: False
            SC shield enabled: False
            POR State: ANY
            LCD Mode: COMMON
            Register Mode: RegComb
            CaSense Mode: NEITHER
            Treat as pin: True
            Is OE Registered: False
            Uses Analog: False
            Can contain Digital: True
            Is SIO: False
            SIO Output Buf: NONREGULATED
            SIO Input Buf: SINGLE_ENDED
            SIO HiFreq: LOW
            SIO Hyst: DISABLED
            SIO Vtrip: MULTIPLIER_0_5
            SIO RefSel: VCC_IO
            Required Capabilitites: DIGITAL, I2CWKUP_SDA
            Initial Value: 1
            IO Voltage: 0
        PORT MAP (
            pa_out => \EZI2C:sda(0)\__PA ,
            fb => \EZI2C:Net_581\ ,
            pad => \EZI2C:sda(0)_PAD\ );
        Properties:
        {
        }
    </CYPRESSTAG>
    <CYPRESSTAG name="Macrocell listing" icon="FILE_RPT_EQUATION">

    ------------------------------------------------------------
    Macrocell listing
    ------------------------------------------------------------

    MacroCell: Name=__ONE__, Mode=(Combinatorial)
        Total # of inputs        : 0
        Total # of product terms : 0
            Clock Enable: True
        Main Equation            : 0 pterms
        !(
            0
        );
        Output = __ONE__ (fanout=2)
    </CYPRESSTAG>
    <CYPRESSTAG name="Datapath listing">
    </CYPRESSTAG>
    <CYPRESSTAG name="Status register listing">
    </CYPRESSTAG>
    <CYPRESSTAG name="StatusI register listing">
    </CYPRESSTAG>
    <CYPRESSTAG name="Sync listing">
    </CYPRESSTAG>
    <CYPRESSTAG name="Control register listing">
    </CYPRESSTAG>
    <CYPRESSTAG name="Count7 listing">
    </CYPRESSTAG>
    <CYPRESSTAG name="DRQ listing">
    </CYPRESSTAG>
    <CYPRESSTAG name="Interrupt listing">

    ------------------------------------------------------------
    Interrupt listing
    ------------------------------------------------------------

    interrupt: Name =\CapSense:ISR\
        PORT MAP (
            interrupt => \CapSense:Net_248\ );
        Properties:
        {
            int_type = "10"
        }

    interrupt: Name =\EZI2C:SCB_IRQ\
        PORT MAP (
            interrupt => Net_8 );
        Properties:
        {
            int_type = "10"
        }
    </CYPRESSTAG>
</CYPRESSTAG>
<CYPRESSTAG name="Technology mapping summary" expanded>

------------------------------------------------------------
Technology mapping summary
------------------------------------------------------------

Resource Type                 : Used : Free :  Max :  % Used
============================================================
Digital clock dividers        :    0 :    4 :    4 :   0.00%
Pins                          :   16 :   20 :   36 :  44.44%
UDB Macrocells                :    1 :   31 :   32 :   3.13%
UDB Unique Pterms             :    0 :   64 :   64 :   0.00%
UDB Datapath Cells            :    0 :    4 :    4 :   0.00%
UDB Status Cells              :    0 :    4 :    4 :   0.00%
UDB Control Cells             :    0 :    4 :    4 :   0.00%
Interrupts                    :    2 :   30 :   32 :   6.25%
Comparator/Opamp Fixed Blocks :    0 :    2 :    2 :   0.00%
SAR Fixed Blocks              :    0 :    1 :    1 :   0.00%
CSD Fixed Blocks              :    1 :    0 :    1 : 100.00%
CapSense Blocks               :    1 :    0 :    1 : 100.00%
8-bit CapSense IDACs          :    1 :    0 :    1 : 100.00%
7-bit CapSense IDACs          :    1 :    0 :    1 : 100.00%
Temperature Sensor            :    0 :    1 :    1 :   0.00%
Low Power Comparator          :    0 :    2 :    2 :   0.00%
TCPWM Blocks                  :    0 :    4 :    4 :   0.00%
Serial Communication Blocks   :    1 :    1 :    2 :  50.00%
Segment LCD Blocks            :    0 :    1 :    1 :   0.00%
</CYPRESSTAG>
Technology Mapping: Elapsed time ==> 0s.396ms
Info: mpr.M0037: Unused pieces of the design have been optimized out. See the Tech mapping section of the report file for details. (App=cydsfit)
Tech mapping phase: Elapsed time ==> 0s.431ms
</CYPRESSTAG>
<CYPRESSTAG name="Analog Placement">
<CYPRESSTAG name="Analog Placement">
Elapsed time ==> 0.0114078s
</CYPRESSTAG>
Analog Placement phase: Elapsed time ==> 0s.045ms
</CYPRESSTAG>
<CYPRESSTAG name="Analog Routing">
<CYPRESSTAG name="Analog Routing">
Route success=True, Iterations=1 Elapsed=0.0063234 secs
</CYPRESSTAG>
Analog Routing phase: Elapsed time ==> 0s.008ms
</CYPRESSTAG>
<CYPRESSTAG name="Analog Code Generation">
============ Analog Final Answer Routes ============
Dump of CyAnalogRoutingResultsDB
Map of net to items {
  Net: \CapSense:Net_245_0\ {
    source
    swhv_3
    amuxbusa
    P1_P45
    p1_5
    P2_P40
    p2_0
    P2_P42
    p2_2
    P2_P46
    p2_6
    P0_P47
    p0_7
    P2_P44
    p2_4
    P1_P43
    p1_3
    P1_P41
    p1_1
    P1_P47
    p1_7
    P3_P40
    p3_0
  }
  Net: \CapSense:Net_398\ {
    Net_2110
    swh_2
    p4_2
  }
}
Map of item to net {
  source                                           -> \CapSense:Net_245_0\
  swhv_3                                           -> \CapSense:Net_245_0\
  amuxbusa                                         -> \CapSense:Net_245_0\
  P1_P45                                           -> \CapSense:Net_245_0\
  p1_5                                             -> \CapSense:Net_245_0\
  P2_P40                                           -> \CapSense:Net_245_0\
  p2_0                                             -> \CapSense:Net_245_0\
  P2_P42                                           -> \CapSense:Net_245_0\
  p2_2                                             -> \CapSense:Net_245_0\
  P2_P46                                           -> \CapSense:Net_245_0\
  p2_6                                             -> \CapSense:Net_245_0\
  P0_P47                                           -> \CapSense:Net_245_0\
  p0_7                                             -> \CapSense:Net_245_0\
  P2_P44                                           -> \CapSense:Net_245_0\
  p2_4                                             -> \CapSense:Net_245_0\
  P1_P43                                           -> \CapSense:Net_245_0\
  p1_3                                             -> \CapSense:Net_245_0\
  P1_P41                                           -> \CapSense:Net_245_0\
  p1_1                                             -> \CapSense:Net_245_0\
  P1_P47                                           -> \CapSense:Net_245_0\
  p1_7                                             -> \CapSense:Net_245_0\
  P3_P40                                           -> \CapSense:Net_245_0\
  p3_0                                             -> \CapSense:Net_245_0\
  Net_2110                                         -> \CapSense:Net_398\
  swh_2                                            -> \CapSense:Net_398\
  p4_2                                             -> \CapSense:Net_398\
}
Mux Info {
}
Analog Code Generation phase: Elapsed time ==> 0s.140ms
</CYPRESSTAG>
<CYPRESSTAG name="Digital Placement">
<CYPRESSTAG name="Detailed placement messages">
I2659: No Constrained paths were found. The placer will run in non-timing driven mode.
I2076: Total run-time: 0.3 sec.

</CYPRESSTAG>
<CYPRESSTAG name="PLD Packing">
<CYPRESSTAG name="PLD Packing Summary" expanded>

------------------------------------------------------------
PLD Packing Summary
------------------------------------------------------------
            Resource Type : Used : Free :  Max :  % Used
    ====================================================
                     PLDs :    1 :    7 :    8 :  12.50%

<CYPRESSTAG name="PLD Statistics">

        PLD Resource Type :     Average/LAB
    =======================================
                   Inputs :            0.00
                   Pterms :            0.00
               Macrocells :            1.00
</CYPRESSTAG>
<CYPRESSTAG name="Packed PLD Contents">
Packed PLD Contents not displayed at this verbose level.</CYPRESSTAG>
</CYPRESSTAG>
PLD Packing: Elapsed time ==> 0s.001ms
</CYPRESSTAG>
<CYPRESSTAG name="Partitioning">
<CYPRESSTAG name="Initial Partitioning Summary">
Initial Partitioning Summary not displayed at this verbose level.</CYPRESSTAG>
<CYPRESSTAG name="Final Partitioning Summary">
Final Partitioning Summary not displayed at this verbose level.</CYPRESSTAG>
Partitioning: Elapsed time ==> 0s.019ms
</CYPRESSTAG>
<CYPRESSTAG name="Simulated Annealing">
Annealing: Elapsed time ==> 0s.002ms
<CYPRESSTAG name="Simulated Annealing Results">
The seed used for moves was 114161200.
Inital cost was 22, final cost is 22 (0.00% improvement).</CYPRESSTAG>
</CYPRESSTAG>
<CYPRESSTAG name="Final Placement Summary">

------------------------------------------------------------
Final Placement Summary
------------------------------------------------------------

       Resource Type :      Count : Avg Inputs : Avg Outputs
    ========================================================
                 UDB :          1 :       0.00 :       1.00
<CYPRESSTAG name="Final Placement Details">
<CYPRESSTAG name="Component Details">

------------------------------------------------------------
Component Placement Details
------------------------------------------------------------
UDB [UDB=(0,0)] is empty.
UDB [UDB=(0,1)] contents:
LAB@[UDB=(0,1)][LB=0] #macrocells=1, #inputs=0, #pterms=0
{
    [McSlotId=0]:     MacroCell: Name=__ONE__, Mode=(Combinatorial) @ [UDB=(0,1)][LB=0][MC=0]
        Total # of inputs        : 0
        Total # of product terms : 0
            Clock Enable: True
        Main Equation            : 0 pterms
        !(
            0
        );
        Output = __ONE__ (fanout=3)
        Properties               : 
        {
        }

    [McSlotId=1]: (empty)
    [McSlotId=2]: (empty)
    [McSlotId=3]: (empty)
}

UDB [UDB=(1,0)] is empty.
UDB [UDB=(1,1)] is empty.
Intr hod @ [IntrHod=(0)]: 
  Intr@ [IntrHod=(0)][IntrId=(11)] 
    interrupt: Name =\EZI2C:SCB_IRQ\
        PORT MAP (
            interrupt => Net_8 );
        Properties:
        {
            int_type = "10"
        }
  Intr@ [IntrHod=(0)][IntrId=(15)] 
    interrupt: Name =\CapSense:ISR\
        PORT MAP (
            interrupt => \CapSense:Net_248\ );
        Properties:
        {
            int_type = "10"
        }
Port 0 contains the following IO cells:
[IoId=4]: 
Pin : Name = \EZI2C:scl(0)\
    Attributes:
        In Group/Port: True
        In Sync Option: NOSYNC
        Out Sync Option: NOSYNC
        Interrupt generated: False
        Interrupt mode: NONE
        Drive mode: OPEN_DRAIN_LO
        VTrip: CMOS
        Slew: FAST
        Input Sync needed: False
        Output Sync needed: False
        SC shield enabled: False
        POR State: ANY
        LCD Mode: COMMON
        Register Mode: RegComb
        CaSense Mode: NEITHER
        Treat as pin: True
        Is OE Registered: False
        Uses Analog: False
        Can contain Digital: True
        Is SIO: False
        SIO Output Buf: NONREGULATED
        SIO Input Buf: SINGLE_ENDED
        SIO HiFreq: LOW
        SIO Hyst: DISABLED
        SIO Vtrip: MULTIPLIER_0_5
        SIO RefSel: VCC_IO
        Required Capabilitites: DIGITAL, I2CWKUP_SCL
        Initial Value: 1
        IO Voltage: 0
    PORT MAP (
        pa_out => \EZI2C:scl(0)\__PA ,
        fb => \EZI2C:Net_580\ ,
        pad => \EZI2C:scl(0)_PAD\ );
    Properties:
    {
    }

[IoId=5]: 
Pin : Name = \EZI2C:sda(0)\
    Attributes:
        In Group/Port: True
        In Sync Option: NOSYNC
        Out Sync Option: NOSYNC
        Interrupt generated: False
        Interrupt mode: NONE
        Drive mode: OPEN_DRAIN_LO
        VTrip: CMOS
        Slew: FAST
        Input Sync needed: False
        Output Sync needed: False
        SC shield enabled: False
        POR State: ANY
        LCD Mode: COMMON
        Register Mode: RegComb
        CaSense Mode: NEITHER
        Treat as pin: True
        Is OE Registered: False
        Uses Analog: False
        Can contain Digital: True
        Is SIO: False
        SIO Output Buf: NONREGULATED
        SIO Input Buf: SINGLE_ENDED
        SIO HiFreq: LOW
        SIO Hyst: DISABLED
        SIO Vtrip: MULTIPLIER_0_5
        SIO RefSel: VCC_IO
        Required Capabilitites: DIGITAL, I2CWKUP_SDA
        Initial Value: 1
        IO Voltage: 0
    PORT MAP (
        pa_out => \EZI2C:sda(0)\__PA ,
        fb => \EZI2C:Net_581\ ,
        pad => \EZI2C:sda(0)_PAD\ );
    Properties:
    {
    }

[IoId=7]: 
Pin : Name = \CapSense:Sns(4)\
    Attributes:
        Alias: Touchpad0_Col4__TP
        In Group/Port: True
        In Sync Option: AUTO
        Out Sync Option: AUTO
        Interrupt generated: False
        Interrupt mode: NONE
        Drive mode: HI_Z_ANALOG
        VTrip: EITHER
        Slew: FAST
        Input Sync needed: False
        Output Sync needed: False
        SC shield enabled: False
        POR State: ANY
        LCD Mode: COMMON
        Register Mode: RegComb
        CaSense Mode: NEITHER
        Treat as pin: True
        Is OE Registered: False
        Uses Analog: True
        Can contain Digital: False
        Is SIO: False
        SIO Output Buf: NONREGULATED
        SIO Input Buf: SINGLE_ENDED
        SIO HiFreq: LOW
        SIO Hyst: DISABLED
        SIO Vtrip: MULTIPLIER_0_5
        SIO RefSel: VCC_IO
        Required Capabilitites: ANALOG
        Initial Value: 1
        IO Voltage: 0
    PORT MAP (
        pa_out => \CapSense:Sns(4)\__PA ,
        analog_term => \CapSense:Net_245_0\ ,
        pad => \CapSense:Sns(4)_PAD\ );
    Properties:
    {
    }

Port 1 contains the following IO cells:
[IoId=1]: 
Pin : Name = \CapSense:Sns(3)\
    Attributes:
        Alias: Touchpad0_Col3__TP
        In Group/Port: True
        In Sync Option: AUTO
        Out Sync Option: AUTO
        Interrupt generated: False
        Interrupt mode: NONE
        Drive mode: HI_Z_ANALOG
        VTrip: EITHER
        Slew: FAST
        Input Sync needed: False
        Output Sync needed: False
        SC shield enabled: False
        POR State: ANY
        LCD Mode: COMMON
        Register Mode: RegComb
        CaSense Mode: NEITHER
        Treat as pin: True
        Is OE Registered: False
        Uses Analog: True
        Can contain Digital: False
        Is SIO: False
        SIO Output Buf: NONREGULATED
        SIO Input Buf: SINGLE_ENDED
        SIO HiFreq: LOW
        SIO Hyst: DISABLED
        SIO Vtrip: MULTIPLIER_0_5
        SIO RefSel: VCC_IO
        Required Capabilitites: ANALOG
        Initial Value: 1
        IO Voltage: 0
    PORT MAP (
        pa_out => \CapSense:Sns(3)\__PA ,
        analog_term => \CapSense:Net_245_0\ ,
        pad => \CapSense:Sns(3)_PAD\ );
    Properties:
    {
    }

[IoId=3]: 
Pin : Name = \CapSense:Sns(2)\
    Attributes:
        Alias: Touchpad0_Col2__TP
        In Group/Port: True
        In Sync Option: AUTO
        Out Sync Option: AUTO
        Interrupt generated: False
        Interrupt mode: NONE
        Drive mode: HI_Z_ANALOG
        VTrip: EITHER
        Slew: FAST
        Input Sync needed: False
        Output Sync needed: False
        SC shield enabled: False
        POR State: ANY
        LCD Mode: COMMON
        Register Mode: RegComb
        CaSense Mode: NEITHER
        Treat as pin: True
        Is OE Registered: False
        Uses Analog: True
        Can contain Digital: False
        Is SIO: False
        SIO Output Buf: NONREGULATED
        SIO Input Buf: SINGLE_ENDED
        SIO HiFreq: LOW
        SIO Hyst: DISABLED
        SIO Vtrip: MULTIPLIER_0_5
        SIO RefSel: VCC_IO
        Required Capabilitites: ANALOG
        Initial Value: 1
        IO Voltage: 0
    PORT MAP (
        pa_out => \CapSense:Sns(2)\__PA ,
        analog_term => \CapSense:Net_245_0\ ,
        pad => \CapSense:Sns(2)_PAD\ );
    Properties:
    {
    }

[IoId=5]: 
Pin : Name = \CapSense:Sns(1)\
    Attributes:
        Alias: Touchpad0_Col1__TP
        In Group/Port: True
        In Sync Option: AUTO
        Out Sync Option: AUTO
        Interrupt generated: False
        Interrupt mode: NONE
        Drive mode: HI_Z_ANALOG
        VTrip: EITHER
        Slew: FAST
        Input Sync needed: False
        Output Sync needed: False
        SC shield enabled: False
        POR State: ANY
        LCD Mode: COMMON
        Register Mode: RegComb
        CaSense Mode: NEITHER
        Treat as pin: True
        Is OE Registered: False
        Uses Analog: True
        Can contain Digital: False
        Is SIO: False
        SIO Output Buf: NONREGULATED
        SIO Input Buf: SINGLE_ENDED
        SIO HiFreq: LOW
        SIO Hyst: DISABLED
        SIO Vtrip: MULTIPLIER_0_5
        SIO RefSel: VCC_IO
        Required Capabilitites: ANALOG
        Initial Value: 1
        IO Voltage: 0
    PORT MAP (
        pa_out => \CapSense:Sns(1)\__PA ,
        analog_term => \CapSense:Net_245_0\ ,
        pad => \CapSense:Sns(1)_PAD\ );
    Properties:
    {
    }

[IoId=7]: 
Pin : Name = \CapSense:Sns(0)\
    Attributes:
        Alias: Touchpad0_Col0__TP
        In Group/Port: True
        In Sync Option: AUTO
        Out Sync Option: AUTO
        Interrupt generated: False
        Interrupt mode: NONE
        Drive mode: HI_Z_ANALOG
        VTrip: EITHER
        Slew: FAST
        Input Sync needed: False
        Output Sync needed: False
        SC shield enabled: False
        POR State: ANY
        LCD Mode: COMMON
        Register Mode: RegComb
        CaSense Mode: NEITHER
        Treat as pin: True
        Is OE Registered: False
        Uses Analog: True
        Can contain Digital: False
        Is SIO: False
        SIO Output Buf: NONREGULATED
        SIO Input Buf: SINGLE_ENDED
        SIO HiFreq: LOW
        SIO Hyst: DISABLED
        SIO Vtrip: MULTIPLIER_0_5
        SIO RefSel: VCC_IO
        Required Capabilitites: ANALOG
        Initial Value: 1
        IO Voltage: 0
    PORT MAP (
        pa_out => \CapSense:Sns(0)\__PA ,
        analog_term => \CapSense:Net_245_0\ ,
        pad => \CapSense:Sns(0)_PAD\ );
    Properties:
    {
    }

Port 2 contains the following IO cells:
[IoId=0]: 
Pin : Name = \CapSense:Sns(5)\
    Attributes:
        Alias: Touchpad0_Row0__TP
        In Group/Port: True
        In Sync Option: AUTO
        Out Sync Option: AUTO
        Interrupt generated: False
        Interrupt mode: NONE
        Drive mode: HI_Z_ANALOG
        VTrip: EITHER
        Slew: FAST
        Input Sync needed: False
        Output Sync needed: False
        SC shield enabled: False
        POR State: ANY
        LCD Mode: COMMON
        Register Mode: RegComb
        CaSense Mode: NEITHER
        Treat as pin: True
        Is OE Registered: False
        Uses Analog: True
        Can contain Digital: False
        Is SIO: False
        SIO Output Buf: NONREGULATED
        SIO Input Buf: SINGLE_ENDED
        SIO HiFreq: LOW
        SIO Hyst: DISABLED
        SIO Vtrip: MULTIPLIER_0_5
        SIO RefSel: VCC_IO
        Required Capabilitites: ANALOG
        Initial Value: 1
        IO Voltage: 0
    PORT MAP (
        pa_out => \CapSense:Sns(5)\__PA ,
        analog_term => \CapSense:Net_245_0\ ,
        pad => \CapSense:Sns(5)_PAD\ );
    Properties:
    {
    }

[IoId=2]: 
Pin : Name = \CapSense:Sns(6)\
    Attributes:
        Alias: Touchpad0_Row1__TP
        In Group/Port: True
        In Sync Option: AUTO
        Out Sync Option: AUTO
        Interrupt generated: False
        Interrupt mode: NONE
        Drive mode: HI_Z_ANALOG
        VTrip: EITHER
        Slew: FAST
        Input Sync needed: False
        Output Sync needed: False
        SC shield enabled: False
        POR State: ANY
        LCD Mode: COMMON
        Register Mode: RegComb
        CaSense Mode: NEITHER
        Treat as pin: True
        Is OE Registered: False
        Uses Analog: True
        Can contain Digital: False
        Is SIO: False
        SIO Output Buf: NONREGULATED
        SIO Input Buf: SINGLE_ENDED
        SIO HiFreq: LOW
        SIO Hyst: DISABLED
        SIO Vtrip: MULTIPLIER_0_5
        SIO RefSel: VCC_IO
        Required Capabilitites: ANALOG
        Initial Value: 1
        IO Voltage: 0
    PORT MAP (
        pa_out => \CapSense:Sns(6)\__PA ,
        analog_term => \CapSense:Net_245_0\ ,
        pad => \CapSense:Sns(6)_PAD\ );
    Properties:
    {
    }

[IoId=4]: 
Pin : Name = \CapSense:Sns(7)\
    Attributes:
        Alias: Touchpad0_Row2__TP
        In Group/Port: True
        In Sync Option: AUTO
        Out Sync Option: AUTO
        Interrupt generated: False
        Interrupt mode: NONE
        Drive mode: HI_Z_ANALOG
        VTrip: EITHER
        Slew: FAST
        Input Sync needed: False
        Output Sync needed: False
        SC shield enabled: False
        POR State: ANY
        LCD Mode: COMMON
        Register Mode: RegComb
        CaSense Mode: NEITHER
        Treat as pin: True
        Is OE Registered: False
        Uses Analog: True
        Can contain Digital: False
        Is SIO: False
        SIO Output Buf: NONREGULATED
        SIO Input Buf: SINGLE_ENDED
        SIO HiFreq: LOW
        SIO Hyst: DISABLED
        SIO Vtrip: MULTIPLIER_0_5
        SIO RefSel: VCC_IO
        Required Capabilitites: ANALOG
        Initial Value: 1
        IO Voltage: 0
    PORT MAP (
        pa_out => \CapSense:Sns(7)\__PA ,
        analog_term => \CapSense:Net_245_0\ ,
        pad => \CapSense:Sns(7)_PAD\ );
    Properties:
    {
    }

[IoId=6]: 
Pin : Name = \CapSense:Sns(8)\
    Attributes:
        Alias: Touchpad0_Row3__TP
        In Group/Port: True
        In Sync Option: AUTO
        Out Sync Option: AUTO
        Interrupt generated: False
        Interrupt mode: NONE
        Drive mode: HI_Z_ANALOG
        VTrip: EITHER
        Slew: FAST
        Input Sync needed: False
        Output Sync needed: False
        SC shield enabled: False
        POR State: ANY
        LCD Mode: COMMON
        Register Mode: RegComb
        CaSense Mode: NEITHER
        Treat as pin: True
        Is OE Registered: False
        Uses Analog: True
        Can contain Digital: False
        Is SIO: False
        SIO Output Buf: NONREGULATED
        SIO Input Buf: SINGLE_ENDED
        SIO HiFreq: LOW
        SIO Hyst: DISABLED
        SIO Vtrip: MULTIPLIER_0_5
        SIO RefSel: VCC_IO
        Required Capabilitites: ANALOG
        Initial Value: 1
        IO Voltage: 0
    PORT MAP (
        pa_out => \CapSense:Sns(8)\__PA ,
        analog_term => \CapSense:Net_245_0\ ,
        pad => \CapSense:Sns(8)_PAD\ );
    Properties:
    {
    }

Port 3 contains the following IO cells:
[IoId=0]: 
Pin : Name = \CapSense:Sns(9)\
    Attributes:
        Alias: Touchpad0_Row4__TP
        In Group/Port: True
        In Sync Option: AUTO
        Out Sync Option: AUTO
        Interrupt generated: False
        Interrupt mode: NONE
        Drive mode: HI_Z_ANALOG
        VTrip: EITHER
        Slew: FAST
        Input Sync needed: False
        Output Sync needed: False
        SC shield enabled: False
        POR State: ANY
        LCD Mode: COMMON
        Register Mode: RegComb
        CaSense Mode: NEITHER
        Treat as pin: True
        Is OE Registered: False
        Uses Analog: True
        Can contain Digital: False
        Is SIO: False
        SIO Output Buf: NONREGULATED
        SIO Input Buf: SINGLE_ENDED
        SIO HiFreq: LOW
        SIO Hyst: DISABLED
        SIO Vtrip: MULTIPLIER_0_5
        SIO RefSel: VCC_IO
        Required Capabilitites: ANALOG
        Initial Value: 1
        IO Voltage: 0
    PORT MAP (
        pa_out => \CapSense:Sns(9)\__PA ,
        analog_term => \CapSense:Net_245_0\ ,
        pad => \CapSense:Sns(9)_PAD\ );
    Properties:
    {
    }

[IoId=6]: 
Pin : Name = XY_DATAREADY(0)
    Attributes:
        In Group/Port: True
        In Sync Option: AUTO
        Out Sync Option: NOSYNC
        Interrupt generated: False
        Interrupt mode: NONE
        Drive mode: CMOS_OUT
        VTrip: EITHER
        Slew: FAST
        Input Sync needed: False
        Output Sync needed: False
        SC shield enabled: False
        POR State: ANY
        LCD Mode: COMMON
        Register Mode: RegComb
        CaSense Mode: NEITHER
        Treat as pin: True
        Is OE Registered: False
        Uses Analog: False
        Can contain Digital: True
        Is SIO: False
        SIO Output Buf: NONREGULATED
        SIO Input Buf: SINGLE_ENDED
        SIO HiFreq: LOW
        SIO Hyst: DISABLED
        SIO Vtrip: MULTIPLIER_0_5
        SIO RefSel: VCC_IO
        Required Capabilitites: DIGITAL
        Initial Value: 0
        IO Voltage: 0
    PORT MAP (
        pa_out => XY_DATAREADY(0)__PA ,
        pad => XY_DATAREADY(0)_PAD );
    Properties:
    {
    }

Port 4 contains the following IO cells:
[IoId=2]: 
Pin : Name = \CapSense:Cmod(0)\
    Attributes:
        Alias: Cmod
        In Group/Port: True
        In Sync Option: AUTO
        Out Sync Option: AUTO
        Interrupt generated: False
        Interrupt mode: NONE
        Drive mode: HI_Z_ANALOG
        VTrip: EITHER
        Slew: FAST
        Input Sync needed: False
        Output Sync needed: False
        SC shield enabled: False
        POR State: ANY
        LCD Mode: COMMON
        Register Mode: RegComb
        CaSense Mode: NEITHER
        Treat as pin: True
        Is OE Registered: False
        Uses Analog: True
        Can contain Digital: False
        Is SIO: False
        SIO Output Buf: NONREGULATED
        SIO Input Buf: SINGLE_ENDED
        SIO HiFreq: LOW
        SIO Hyst: DISABLED
        SIO Vtrip: MULTIPLIER_0_5
        SIO RefSel: VCC_IO
        Required Capabilitites: ANALOG
        Initial Value: 1
        IO Voltage: 0
    PORT MAP (
        pa_out => \CapSense:Cmod(0)\__PA ,
        analog_term => \CapSense:Net_398\ ,
        pad => \CapSense:Cmod(0)_PAD\ ,
        input => __ONE__ );
    Properties:
    {
    }

Fixed Function block hod @ [FFB(Clock,0)]: 
    M0S8 Clock Block @ [FFB(Clock,0)]: 
    m0s8clockblockcell: Name =ClockBlock
        PORT MAP (
            lfclk => ClockBlock_LFCLK ,
            ilo => ClockBlock_ILO ,
            sysclk => ClockBlock_SYSCLK ,
            ext => ClockBlock_EXTCLK ,
            imo => ClockBlock_IMO ,
            hfclk => ClockBlock_HFCLK ,
            ff_div_6 => \CapSense:Net_420_ff6\ ,
            ff_div_5 => \CapSense:Net_429_ff5\ ,
            ff_div_2 => \EZI2C:Net_284_ff2\ );
        Properties:
        {
        }
Fixed Function block hod @ [FFB(PM,0)]: empty
Fixed Function block hod @ [FFB(SPC,0)]: empty
Fixed Function block hod @ [FFB(WDT,0)]: empty
Fixed Function block hod @ [FFB(FSS,0)]: empty
Fixed Function block hod @ [FFB(LPCOMP,0)]: empty
Fixed Function block hod @ [FFB(SCB,0)]: 
    Scb Block @ [FFB(SCB,1)]: 
    m0s8scbcell: Name =\EZI2C:SCB\
        PORT MAP (
            clock => \EZI2C:Net_284_ff2\ ,
            interrupt => Net_8 ,
            tx => \EZI2C:Net_656\ ,
            mosi_m => \EZI2C:Net_660\ ,
            select_m_3 => \EZI2C:ss_3\ ,
            select_m_2 => \EZI2C:ss_2\ ,
            select_m_1 => \EZI2C:ss_1\ ,
            select_m_0 => \EZI2C:ss_0\ ,
            sclk_m => \EZI2C:Net_687\ ,
            miso_s => \EZI2C:Net_703\ ,
            scl => \EZI2C:Net_580\ ,
            sda => \EZI2C:Net_581\ );
        Properties:
        {
            cy_registers = ""
            scb_mode = 0
        }
Fixed Function block hod @ [FFB(CSD,0)]: 
    PSoC4 CSD @ <No Location>: 
Fixed Function block hod @ [FFB(CSIDAC8,0)]: 
    PSoC4 CSIDAC8 @ <No Location>: 
Fixed Function block hod @ [FFB(CSIDAC7,0)]: 
    PSoC4 CSIDAC7 @ <No Location>: 
Fixed Function block hod @ [FFB(TCPWM,0)]: empty
Fixed Function block hod @ [FFB(OA,0)]: empty
Fixed Function block hod @ [FFB(TEMP,0)]: empty
Fixed Function block hod @ [FFB(SARADC,0)]: empty
Fixed Function block hod @ [FFB(M0S8LCD,0)]: empty
Fixed Function block hod @ [FFB(CLK_GEN,0)]: 
    M0S8 Clock Gen Block @ [FFB(CLK_GEN,0)]: 
    m0s8clockgenblockcell: Name =ClockGenBlock
        PORT MAP (
             );
        Properties:
        {
        }
Fixed Function block hod @ [FFB(LPCOMPBLOCK,0)]: empty
Fixed Function block hod @ [FFB(CTBMBLOCK,0)]: empty
Fixed Function block hod @ [FFB(ANAPUMP,0)]: empty
</CYPRESSTAG>
<CYPRESSTAG name="Port Configuration Details">

------------------------------------------------------------
Port Configuration report
------------------------------------------------------------
     |     |       | Interrupt |                  |                    | 
Port | Pin | Fixed |      Type |       Drive Mode |               Name | Connections
-----+-----+-------+-----------+------------------+--------------------+----------------------------------------
   0 |   4 |     * |      NONE |    OPEN_DRAIN_LO |     \EZI2C:scl(0)\ | FB(\EZI2C:Net_580\)
     |   5 |     * |      NONE |    OPEN_DRAIN_LO |     \EZI2C:sda(0)\ | FB(\EZI2C:Net_581\)
     |   7 |     * |      NONE |      HI_Z_ANALOG |  \CapSense:Sns(4)\ | Analog(\CapSense:Net_245_0\)
-----+-----+-------+-----------+------------------+--------------------+----------------------------------------
   1 |   1 |     * |      NONE |      HI_Z_ANALOG |  \CapSense:Sns(3)\ | Analog(\CapSense:Net_245_0\)
     |   3 |     * |      NONE |      HI_Z_ANALOG |  \CapSense:Sns(2)\ | Analog(\CapSense:Net_245_0\)
     |   5 |     * |      NONE |      HI_Z_ANALOG |  \CapSense:Sns(1)\ | Analog(\CapSense:Net_245_0\)
     |   7 |     * |      NONE |      HI_Z_ANALOG |  \CapSense:Sns(0)\ | Analog(\CapSense:Net_245_0\)
-----+-----+-------+-----------+------------------+--------------------+----------------------------------------
   2 |   0 |     * |      NONE |      HI_Z_ANALOG |  \CapSense:Sns(5)\ | Analog(\CapSense:Net_245_0\)
     |   2 |     * |      NONE |      HI_Z_ANALOG |  \CapSense:Sns(6)\ | Analog(\CapSense:Net_245_0\)
     |   4 |     * |      NONE |      HI_Z_ANALOG |  \CapSense:Sns(7)\ | Analog(\CapSense:Net_245_0\)
     |   6 |     * |      NONE |      HI_Z_ANALOG |  \CapSense:Sns(8)\ | Analog(\CapSense:Net_245_0\)
-----+-----+-------+-----------+------------------+--------------------+----------------------------------------
   3 |   0 |     * |      NONE |      HI_Z_ANALOG |  \CapSense:Sns(9)\ | Analog(\CapSense:Net_245_0\)
     |   6 |     * |      NONE |         CMOS_OUT |    XY_DATAREADY(0) | 
-----+-----+-------+-----------+------------------+--------------------+----------------------------------------
   4 |   2 |     * |      NONE |      HI_Z_ANALOG | \CapSense:Cmod(0)\ | In(__ONE__), Analog(\CapSense:Net_398\)
----------------------------------------------------------------------------------------------------------------
</CYPRESSTAG>
</CYPRESSTAG>
</CYPRESSTAG>
Digital component placer commit/Report: Elapsed time ==> 0s.003ms
Digital Placement phase: Elapsed time ==> 0s.539ms
</CYPRESSTAG>
<CYPRESSTAG name="Digital Routing">
Routing successful.
Digital Routing phase: Elapsed time ==> 0s.513ms
</CYPRESSTAG>
<CYPRESSTAG name="Bitstream and API generation">
Bitstream and API generation phase: Elapsed time ==> 0s.137ms
</CYPRESSTAG>
<CYPRESSTAG name="Bitstream verification">
Bitstream verification phase: Elapsed time ==> 0s.046ms
</CYPRESSTAG>
<CYPRESSTAG name="Static timing analysis">
Timing report is in xyTouchpad1_timing.html.
Static timing analysis phase: Elapsed time ==> 0s.193ms
</CYPRESSTAG>
<CYPRESSTAG name="Data reporting">
Data reporting phase: Elapsed time ==> 0s.000ms
</CYPRESSTAG>
<CYPRESSTAG name="Database update...">
Design database save phase: Elapsed time ==> 0s.173ms
</CYPRESSTAG>
cydsfit: Elapsed time ==> 2s.257ms
</CYPRESSTAG>
Fitter phase: Elapsed time ==> 2s.295ms
API generation phase: Elapsed time ==> 1s.288ms
Dependency generation phase: Elapsed time ==> 0s.004ms
Cleanup phase: Elapsed time ==> 0s.001ms
